2022-05-19 09:28:59,133:root:Creat object seat
2022-05-19 09:28:59,133:root:Creat object seat
2022-05-19 09:28:59,133:root:Creat object seat
2022-05-19 09:28:59,134:root:Creat object seat
2022-05-19 09:28:59,134:root:Creat object seat
2022-05-19 09:28:59,134:root:Creat object seat
2022-05-19 09:28:59,135:root:Creat object seat
2022-05-19 09:28:59,135:root:Creat object seat
2022-05-19 09:28:59,135:root:Creat object seat
2022-05-19 09:28:59,136:root:Creat object seat
2022-05-19 09:28:59,136:root:Creat object seat
2022-05-19 09:28:59,137:root:Creat object seat
2022-05-19 09:28:59,137:root:Creat object seat
2022-05-19 09:28:59,137:root:Creat object seat
2022-05-19 09:28:59,138:root:Creat object seat
2022-05-19 09:28:59,138:root:Creat object seat
2022-05-19 09:28:59,138:root:Creat object seat
2022-05-19 09:28:59,139:root:Creat object seat
2022-05-19 09:28:59,139:root:Creat object seat
2022-05-19 09:28:59,140:root:Creat object seat
2022-05-19 09:28:59,140:root:Creat object seat
2022-05-19 09:28:59,140:root:Creat object seat
2022-05-19 09:28:59,141:root:Creat object seat
2022-05-19 09:28:59,141:root:Creat object seat
2022-05-19 09:28:59,142:root:Creat object seat
2022-05-19 09:28:59,142:root:Creat object seat
2022-05-19 09:28:59,143:root:Creat object seat
2022-05-19 09:28:59,143:root:Creat object seat
2022-05-19 09:28:59,143:root:Creat object seat
2022-05-19 09:28:59,144:root:Creat object seat
2022-05-19 09:28:59,144:root:Creat object seat
2022-05-19 09:28:59,144:root:Creat object seat
2022-05-19 09:28:59,145:root:Creat object seat
2022-05-19 09:28:59,145:root:Creat object seat
2022-05-19 09:28:59,145:root:Creat object seat
2022-05-19 09:28:59,146:root:Creat object seat
2022-05-19 09:28:59,146:root:Creat object seat
2022-05-19 09:28:59,146:root:Creat object seat
2022-05-19 09:28:59,147:root:Creat object seat
2022-05-19 09:28:59,147:root:Creat object seat
2022-05-19 09:28:59,147:root:Creat object seat
2022-05-19 09:28:59,148:root:Creat object seat
2022-05-19 09:28:59,148:root:Creat object seat
2022-05-19 09:28:59,149:root:Creat object seat
2022-05-19 09:28:59,149:root:Creat object seat
2022-05-19 09:28:59,149:root:Creat object seat
2022-05-19 09:28:59,150:root:Creat object seat
2022-05-19 09:28:59,150:root:Creat object seat
2022-05-19 09:28:59,151:root:Creat object seat
2022-05-19 09:28:59,151:root:Creat object seat
2022-05-19 09:28:59,151:root:Creating object CinemaHall
2022-05-19 09:28:59,152:root:Creat object seat
2022-05-19 09:28:59,152:root:Creat object seat
2022-05-19 09:28:59,152:root:Creat object seat
2022-05-19 09:28:59,153:root:Creat object seat
2022-05-19 09:28:59,153:root:Creat object seat
2022-05-19 09:28:59,153:root:Creat object seat
2022-05-19 09:28:59,154:root:Creat object seat
2022-05-19 09:28:59,154:root:Creat object seat
2022-05-19 09:28:59,154:root:Creat object seat
2022-05-19 09:28:59,155:root:Creat object seat
2022-05-19 09:28:59,155:root:Creat object seat
2022-05-19 09:28:59,156:root:Creat object seat
2022-05-19 09:28:59,156:root:Creat object seat
2022-05-19 09:28:59,157:root:Creat object seat
2022-05-19 09:28:59,157:root:Creat object seat
2022-05-19 09:28:59,158:root:Creat object seat
2022-05-19 09:28:59,158:root:Creat object seat
2022-05-19 09:28:59,159:root:Creat object seat
2022-05-19 09:28:59,159:root:Creat object seat
2022-05-19 09:28:59,159:root:Creat object seat
2022-05-19 09:28:59,160:root:Creat object seat
2022-05-19 09:28:59,160:root:Creat object seat
2022-05-19 09:28:59,161:root:Creat object seat
2022-05-19 09:28:59,161:root:Creat object seat
2022-05-19 09:28:59,161:root:Creat object seat
2022-05-19 09:28:59,162:root:Creat object seat
2022-05-19 09:28:59,162:root:Creat object seat
2022-05-19 09:28:59,162:root:Creat object seat
2022-05-19 09:28:59,163:root:Creat object seat
2022-05-19 09:28:59,163:root:Creat object seat
2022-05-19 09:28:59,163:root:Creat object seat
2022-05-19 09:28:59,164:root:Creat object seat
2022-05-19 09:28:59,164:root:Creat object seat
2022-05-19 09:28:59,164:root:Creat object seat
2022-05-19 09:28:59,165:root:Creat object seat
2022-05-19 09:28:59,165:root:Creat object seat
2022-05-19 09:28:59,166:root:Creat object seat
2022-05-19 09:28:59,166:root:Creat object seat
2022-05-19 09:28:59,166:root:Creat object seat
2022-05-19 09:28:59,167:root:Creat object seat
2022-05-19 09:28:59,167:root:Creat object seat
2022-05-19 09:28:59,168:root:Creat object seat
2022-05-19 09:28:59,168:root:Creat object seat
2022-05-19 09:28:59,168:root:Creat object seat
2022-05-19 09:28:59,169:root:Creat object seat
2022-05-19 09:28:59,169:root:Creat object seat
2022-05-19 09:28:59,169:root:Creat object seat
2022-05-19 09:28:59,170:root:Creat object seat
2022-05-19 09:28:59,170:root:Creat object seat
2022-05-19 09:28:59,170:root:Creat object seat
2022-05-19 09:28:59,170:root:Creating object CinemaHall
2022-05-19 09:28:59,171:root:Creat object seat
2022-05-19 09:28:59,171:root:Creat object seat
2022-05-19 09:28:59,172:root:Creat object seat
2022-05-19 09:28:59,172:root:Creat object seat
2022-05-19 09:28:59,172:root:Creat object seat
2022-05-19 09:28:59,173:root:Creat object seat
2022-05-19 09:28:59,173:root:Creat object seat
2022-05-19 09:28:59,173:root:Creat object seat
2022-05-19 09:28:59,174:root:Creat object seat
2022-05-19 09:28:59,174:root:Creat object seat
2022-05-19 09:28:59,175:root:Creat object seat
2022-05-19 09:28:59,175:root:Creat object seat
2022-05-19 09:28:59,176:root:Creat object seat
2022-05-19 09:28:59,176:root:Creat object seat
2022-05-19 09:28:59,176:root:Creat object seat
2022-05-19 09:28:59,177:root:Creat object seat
2022-05-19 09:28:59,177:root:Creat object seat
2022-05-19 09:28:59,178:root:Creat object seat
2022-05-19 09:28:59,178:root:Creat object seat
2022-05-19 09:28:59,179:root:Creat object seat
2022-05-19 09:28:59,179:root:Creat object seat
2022-05-19 09:28:59,180:root:Creat object seat
2022-05-19 09:28:59,180:root:Creat object seat
2022-05-19 09:28:59,181:root:Creat object seat
2022-05-19 09:28:59,181:root:Creat object seat
2022-05-19 09:28:59,181:root:Creat object seat
2022-05-19 09:28:59,182:root:Creat object seat
2022-05-19 09:28:59,182:root:Creat object seat
2022-05-19 09:28:59,183:root:Creat object seat
2022-05-19 09:28:59,183:root:Creat object seat
2022-05-19 09:28:59,183:root:Creat object seat
2022-05-19 09:28:59,184:root:Creat object seat
2022-05-19 09:28:59,184:root:Creat object seat
2022-05-19 09:28:59,185:root:Creat object seat
2022-05-19 09:28:59,185:root:Creat object seat
2022-05-19 09:28:59,185:root:Creat object seat
2022-05-19 09:28:59,186:root:Creat object seat
2022-05-19 09:28:59,186:root:Creat object seat
2022-05-19 09:28:59,187:root:Creat object seat
2022-05-19 09:28:59,187:root:Creat object seat
2022-05-19 09:28:59,188:root:Creat object seat
2022-05-19 09:28:59,188:root:Creat object seat
2022-05-19 09:28:59,188:root:Creat object seat
2022-05-19 09:28:59,189:root:Creat object seat
2022-05-19 09:28:59,189:root:Creat object seat
2022-05-19 09:28:59,190:root:Creat object seat
2022-05-19 09:28:59,190:root:Creat object seat
2022-05-19 09:28:59,190:root:Creat object seat
2022-05-19 09:28:59,191:root:Creat object seat
2022-05-19 09:28:59,191:root:Creat object seat
2022-05-19 09:28:59,192:root:Creating object CinemaHall
2022-05-19 09:28:59,192:root:Creat object seat
2022-05-19 09:28:59,192:root:Creat object seat
2022-05-19 09:28:59,193:root:Creat object seat
2022-05-19 09:28:59,193:root:Creat object seat
2022-05-19 09:28:59,193:root:Creat object seat
2022-05-19 09:28:59,194:root:Creat object seat
2022-05-19 09:28:59,194:root:Creat object seat
2022-05-19 09:28:59,194:root:Creat object seat
2022-05-19 09:28:59,195:root:Creat object seat
2022-05-19 09:28:59,195:root:Creat object seat
2022-05-19 09:28:59,195:root:Creat object seat
2022-05-19 09:28:59,196:root:Creat object seat
2022-05-19 09:28:59,196:root:Creat object seat
2022-05-19 09:28:59,196:root:Creat object seat
2022-05-19 09:28:59,197:root:Creat object seat
2022-05-19 09:28:59,197:root:Creat object seat
2022-05-19 09:28:59,197:root:Creat object seat
2022-05-19 09:28:59,198:root:Creat object seat
2022-05-19 09:28:59,198:root:Creat object seat
2022-05-19 09:28:59,198:root:Creat object seat
2022-05-19 09:28:59,199:root:Creat object seat
2022-05-19 09:28:59,199:root:Creat object seat
2022-05-19 09:28:59,200:root:Creat object seat
2022-05-19 09:28:59,200:root:Creat object seat
2022-05-19 09:28:59,200:root:Creat object seat
2022-05-19 09:28:59,201:root:Creat object seat
2022-05-19 09:28:59,201:root:Creat object seat
2022-05-19 09:28:59,201:root:Creat object seat
2022-05-19 09:28:59,202:root:Creat object seat
2022-05-19 09:28:59,202:root:Creat object seat
2022-05-19 09:28:59,202:root:Creat object seat
2022-05-19 09:28:59,202:root:Creat object seat
2022-05-19 09:28:59,203:root:Creat object seat
2022-05-19 09:28:59,203:root:Creat object seat
2022-05-19 09:28:59,204:root:Creat object seat
2022-05-19 09:28:59,204:root:Creat object seat
2022-05-19 09:28:59,204:root:Creat object seat
2022-05-19 09:28:59,205:root:Creat object seat
2022-05-19 09:28:59,205:root:Creat object seat
2022-05-19 09:28:59,205:root:Creat object seat
2022-05-19 09:28:59,206:root:Creat object seat
2022-05-19 09:28:59,206:root:Creat object seat
2022-05-19 09:28:59,206:root:Creat object seat
2022-05-19 09:28:59,206:root:Creat object seat
2022-05-19 09:28:59,207:root:Creat object seat
2022-05-19 09:28:59,207:root:Creat object seat
2022-05-19 09:28:59,208:root:Creat object seat
2022-05-19 09:28:59,208:root:Creat object seat
2022-05-19 09:28:59,208:root:Creat object seat
2022-05-19 09:28:59,209:root:Creat object seat
2022-05-19 09:28:59,209:root:Creating object CinemaHall
2022-05-19 09:28:59,209:root:Creat object seat
2022-05-19 09:28:59,209:root:Creat object seat
2022-05-19 09:28:59,210:root:Creat object seat
2022-05-19 09:28:59,210:root:Creat object seat
2022-05-19 09:28:59,211:root:Creat object seat
2022-05-19 09:28:59,211:root:Creat object seat
2022-05-19 09:28:59,211:root:Creat object seat
2022-05-19 09:28:59,212:root:Creat object seat
2022-05-19 09:28:59,212:root:Creat object seat
2022-05-19 09:28:59,212:root:Creat object seat
2022-05-19 09:28:59,213:root:Creat object seat
2022-05-19 09:28:59,213:root:Creat object seat
2022-05-19 09:28:59,213:root:Creat object seat
2022-05-19 09:28:59,214:root:Creat object seat
2022-05-19 09:28:59,214:root:Creat object seat
2022-05-19 09:28:59,214:root:Creat object seat
2022-05-19 09:28:59,215:root:Creat object seat
2022-05-19 09:28:59,216:root:Creat object seat
2022-05-19 09:28:59,217:root:Creat object seat
2022-05-19 09:28:59,217:root:Creat object seat
2022-05-19 09:28:59,217:root:Creat object seat
2022-05-19 09:28:59,218:root:Creat object seat
2022-05-19 09:28:59,218:root:Creat object seat
2022-05-19 09:28:59,218:root:Creat object seat
2022-05-19 09:28:59,219:root:Creat object seat
2022-05-19 09:28:59,219:root:Creat object seat
2022-05-19 09:28:59,219:root:Creat object seat
2022-05-19 09:28:59,220:root:Creat object seat
2022-05-19 09:28:59,220:root:Creat object seat
2022-05-19 09:28:59,220:root:Creat object seat
2022-05-19 09:28:59,221:root:Creat object seat
2022-05-19 09:28:59,221:root:Creat object seat
2022-05-19 09:28:59,221:root:Creat object seat
2022-05-19 09:28:59,222:root:Creat object seat
2022-05-19 09:28:59,222:root:Creat object seat
2022-05-19 09:28:59,222:root:Creat object seat
2022-05-19 09:28:59,223:root:Creat object seat
2022-05-19 09:28:59,223:root:Creat object seat
2022-05-19 09:28:59,223:root:Creat object seat
2022-05-19 09:28:59,224:root:Creat object seat
2022-05-19 09:28:59,224:root:Creat object seat
2022-05-19 09:28:59,224:root:Creat object seat
2022-05-19 09:28:59,225:root:Creat object seat
2022-05-19 09:28:59,225:root:Creat object seat
2022-05-19 09:28:59,225:root:Creat object seat
2022-05-19 09:28:59,226:root:Creat object seat
2022-05-19 09:28:59,226:root:Creat object seat
2022-05-19 09:28:59,226:root:Creat object seat
2022-05-19 09:28:59,227:root:Creat object seat
2022-05-19 09:28:59,227:root:Creat object seat
2022-05-19 09:28:59,227:root:Creating object CinemaHall
2022-05-19 09:28:59,232:root:Creat object cinema
2022-05-19 09:29:04,288:root:Write wrong type
Traceback (most recent call last):
  File "/home/wojtek/Desktop/nauka/python_cinema/Cinema_booking_system/menu.py", line 38, in runMenu
    choice  = self.validIntiger()
  File "/home/wojtek/Desktop/nauka/python_cinema/Cinema_booking_system/menu.py", line 80, in validIntiger
    number = int(input("\nEnter a number\n"))
ValueError: invalid literal for int() with base 10: 'asdfas'
2022-05-19 09:29:05,464:root:Write wrong type
Traceback (most recent call last):
  File "/home/wojtek/Desktop/nauka/python_cinema/Cinema_booking_system/menu.py", line 38, in runMenu
    choice  = self.validIntiger()
  File "/home/wojtek/Desktop/nauka/python_cinema/Cinema_booking_system/menu.py", line 80, in validIntiger
    number = int(input("\nEnter a number\n"))
ValueError: invalid literal for int() with base 10: 'asdas'
2022-05-19 09:29:11,815:root:Write wrong type
Traceback (most recent call last):
  File "/home/wojtek/Desktop/nauka/python_cinema/Cinema_booking_system/menu.py", line 38, in runMenu
    choice  = self.validIntiger()
  File "/home/wojtek/Desktop/nauka/python_cinema/Cinema_booking_system/menu.py", line 80, in validIntiger
    number = int(input("\nEnter a number\n"))
ValueError: invalid literal for int() with base 10: 'asda'
